00:00:00.000301 main     VirtualBox XPCOM Server 6.0.14 r133895 linux.amd64 (Oct 10 2019 20:29:51) release log
00:00:00.000304 main     Log opened 2020-01-03T16:37:09.384578000Z
00:00:00.000305 main     Build Type: release
00:00:00.000309 main     OS Product: Linux
00:00:00.000310 main     OS Release: 4.18.0-80.11.2.el8_0.x86_64
00:00:00.000311 main     OS Version: #1 SMP Tue Sep 24 11:32:19 UTC 2019
00:00:00.000339 main     DMI Product Name: Aspire A515-51G
00:00:00.000349 main     DMI Product Version: V1.15
00:00:00.000387 main     Host RAM: 19785MB (19.3GB) total, 16531MB (16.1GB) available
00:00:00.000392 main     Executable: /usr/lib/virtualbox/VBoxSVC
00:00:00.000393 main     Process ID: 16980
00:00:00.000393 main     Package type: LINUX_64BITS_EL_8
00:00:00.001614 main     IPC socket path: /tmp/.vbox-guizanelato-ipc/ipcd
00:00:00.104106 nspr-2   VirtualBox: object creation starts
00:00:00.104181 nspr-2   Home directory: '/home/guizanelato/.config/VirtualBox'
00:00:00.104514 nspr-2   Loading settings file "/home/guizanelato/.config/VirtualBox/VirtualBox.xml" with version "1.12-linux"
00:00:00.105770 nspr-2   USB: Unknown USB device detected (idVendor: 0x04ca, idProduct: 0x3015)
00:00:00.105826 nspr-2   Successfully initialised host USB using sysfs
00:00:00.109580 nspr-2   NetIfAdpCtlOut: VBoxNetAdpCtl: Error while retrieving link speed for wlp3s0: VBoxNetAdpCtl: ioctl failed: Operation not supported
00:00:00.113368 nspr-2   NAT: resolv.conf: nameserver 192.168.0.1
00:00:00.113389 nspr-2   HostDnsMonitor::updateInfo
00:00:00.113399 nspr-2   HostDnsMonitor: old information
00:00:00.113400 nspr-2     no server entries
00:00:00.113402 nspr-2     no domain set
00:00:00.113403 nspr-2     no search string entries
00:00:00.113404 nspr-2   HostDnsMonitor: new information
00:00:00.113405 nspr-2     server 1: 192.168.0.1
00:00:00.113407 nspr-2     no domain set
00:00:00.113408 nspr-2     no search string entries
00:00:00.117608 nspr-2   VD: VDInit finished with VINF_SUCCESS
00:00:00.118268 nspr-2   VirtualBox: object created
00:00:01.807967 nspr-3   Saving settings file "/home/guizanelato/.config/VirtualBox/VirtualBox.xml" with version "1.12-linux"
00:00:01.814293 nspr-2   Saving settings file "/home/guizanelato/.config/VirtualBox/VirtualBox.xml" with version "1.12-linux"
